<?xml version="1.0" encoding="UTF-8"?>
<testng-results skipped="0" failed="0" ignored="0" total="1" passed="1">
  <reporter-output>
  </reporter-output>
  <suite name="Default suite" duration-ms="2394" started-at="2019-11-26T10:34:22 IST" finished-at="2019-11-26T10:34:25 IST">
    <groups>
    </groups>
    <test name="Default test" duration-ms="2394" started-at="2019-11-26T10:34:22 IST" finished-at="2019-11-26T10:34:25 IST">
      <class name="poc_restassured.SimpleGetTest">
        <test-method status="PASS" signature="GetWeatherDetails()[pri:0, instance:poc_restassured.SimpleGetTest@3b0143d3]" name="GetWeatherDetails" duration-ms="2341" started-at="2019-11-26T10:34:22 IST" finished-at="2019-11-26T10:34:25 IST">
          <reporter-output>
          </reporter-output>
        </test-method> <!-- GetWeatherDetails -->
      </class> <!-- poc_restassured.SimpleGetTest -->
    </test> <!-- Default test -->
  </suite> <!-- Default suite -->
</testng-results>
