<?xml version="1.0" encoding="UTF-8"?>
<testng-results skipped="0" failed="0" ignored="0" total="1" passed="1">
  <reporter-output>
  </reporter-output>
  <suite name="Default suite" duration-ms="2535" started-at="2019-11-26T10:33:23 IST" finished-at="2019-11-26T10:33:25 IST">
    <groups>
    </groups>
    <test name="Default test" duration-ms="2535" started-at="2019-11-26T10:33:23 IST" finished-at="2019-11-26T10:33:25 IST">
      <class name="restAssured_Demo.Demo_Get_RequestTest">
        <test-method status="PASS" signature="getweatherDetailsTest()[pri:0, instance:restAssured_Demo.Demo_Get_RequestTest@23e028a9]" name="getweatherDetailsTest" duration-ms="2468" started-at="2019-11-26T10:33:23 IST" finished-at="2019-11-26T10:33:25 IST">
          <reporter-output>
          </reporter-output>
        </test-method> <!-- getweatherDetailsTest -->
      </class> <!-- restAssured_Demo.Demo_Get_RequestTest -->
    </test> <!-- Default test -->
  </suite> <!-- Default suite -->
</testng-results>
